INFO: HTTP Request: GET https://lrclib.net/api/get?track_name=Never+Gonna+Give+You+Up&artist_name=Rick+Astley "HTTP/1.1 200 OK"
INFO: Loading Demucs model: htdemucs
INFO: Loading audio: /var/folders/tb/ys5_39c97cl3x4dchj74q1bh0000gn/T/tmppe9qgg2m/dQw4w9WgXcQ.wav
INFO: Resampling from 48000 to 44100 Hz
INFO: Running Demucs separation...
INFO: Vocals saved to /var/folders/tb/ys5_39c97cl3x4dchj74q1bh0000gn/T/tmppe9qgg2m/vocals.wav (213.0s)
INFO: Loading MMS_FA model (this may take a moment on first run)...
INFO: MMS_FA model loaded
Traceback (most recent call last):
  File "<string>", line 49, in <module>
  File "/Users/swapnil/project/syncer/src/syncer/alignment/ctc_aligner.py", line 120, in align
    word_spans = aligner(emission[0], tokens)
                 ^^^^^^^^^^^^^^^^^^^^^^^^^^^^
  File "/Users/swapnil/project/syncer/.venv/lib/python3.12/site-packages/torchaudio/pipelines/_wav2vec2/aligner.py", line 85, in __call__
    aligned_tokens, scores = _align_emission_and_tokens(emission, _flatten(tokens), self.blank)
                             ^^^^^^^^^^^^^^^^^^^^^^^^^^^^^^^^^^^^^^^^^^^^^^^^^^^^^^^^^^^^^^^^^^
  File "/Users/swapnil/project/syncer/.venv/lib/python3.12/site-packages/torchaudio/pipelines/_wav2vec2/aligner.py", line 40, in _align_emission_and_tokens
    aligned_tokens, scores = F.forced_align(emission, targets, blank=blank)
                             ^^^^^^^^^^^^^^^^^^^^^^^^^^^^^^^^^^^^^^^^^^^^^^
  File "/Users/swapnil/project/syncer/.venv/lib/python3.12/site-packages/torchaudio/functional/_alignment.py", line 57, in forced_align
    raise ValueError(f"targets Tensor shouldn't contain blank index. Found {targets}.")
ValueError: targets Tensor shouldn't contain blank index. Found tensor([[19,  3, 25,  ..., 16,  5,  6]], dtype=torch.int32).
